<?xml version="1.0" encoding="UTF-8"?>
<!-- Generated by org.testng.reporters.JUnitReportReporter -->
<testsuite skipped="0" hostname="Sumits-MacBook-Pro.local" name="apiChaining.End2EndTest" tests="1" failures="0" timestamp="22 Aug 2022 20:30:45 GMT" time="4.188" errors="0">
  <testcase name="test1" time="4.188" classname="apiChaining.End2EndTest"/>
</testsuite> <!-- apiChaining.End2EndTest -->
